Arguments: 
  /Users/jhemyson/.nvm/versions/node/v16.2.0/bin/node /Users/jhemyson/.nvm/versions/node/v16.2.0/bin/yarn add -D @type/module-alias

PATH: 
  /Users/jhemyson/.nvm/versions/node/v16.2.0/bin:/usr/local/bin:/usr/bin:/bin:/usr/sbin:/sbin:/Library/Apple/usr/bin:/Users/jhemyson/.nvm/versions/node/v16.2.0/bin:/opt/homebrew/bin:/opt/homebrew/sbin:/Users/jhemyson/FlutterDev/flutter/bin:/Users/jhemyson/Android/Sdk/emulator:/Users/jhemyson/Android/Sdk/tools:/Users/jhemyson/Android/Sdk/tools/bin:/Users/jhemyson/Android/Sdk/platform-tools:/Users/jhemyson/FlutterDev/flutter/bin:/Users/jhemyson/Android/Sdk/emulator:/Users/jhemyson/Android/Sdk/tools:/Users/jhemyson/Android/Sdk/tools/bin:/Users/jhemyson/Android/Sdk/platform-tools

Yarn version: 
  1.22.10

Node version: 
  16.2.0

Platform: 
  darwin arm64

Trace: 
  Error: https://registry.yarnpkg.com/@type%2fmodule-alias: Not found
      at Request.params.callback [as _callback] (/Users/jhemyson/.nvm/versions/node/v16.2.0/lib/node_modules/yarn/lib/cli.js:66988:18)
      at Request.self.callback (/Users/jhemyson/.nvm/versions/node/v16.2.0/lib/node_modules/yarn/lib/cli.js:140662:22)
      at Request.emit (node:events:365:28)
      at Request.<anonymous> (/Users/jhemyson/.nvm/versions/node/v16.2.0/lib/node_modules/yarn/lib/cli.js:141634:10)
      at Request.emit (node:events:365:28)
      at IncomingMessage.<anonymous> (/Users/jhemyson/.nvm/versions/node/v16.2.0/lib/node_modules/yarn/lib/cli.js:141556:12)
      at Object.onceWrapper (node:events:471:28)
      at IncomingMessage.emit (node:events:377:35)
      at endReadableNT (node:internal/streams/readable:1312:12)
      at processTicksAndRejections (node:internal/process/task_queues:83:21)

npm manifest: 
  {
    "name": "advanced-node-ts",
    "version": "1.0.0",
    "description": "",
    "main": "index.js",
    "scripts": {
      "build": "npx rimraf dist && npx tsc"
    },
    "repository": {
      "type": "git",
      "url": "git+https://github.com/jhemyson/advanced-node-ts.git"
    },
    "keywords": [],
    "author": "",
    "license": "ISC",
    "bugs": {
      "url": "https://github.com/jhemyson/advanced-node-ts/issues"
    },
    "homepage": "https://github.com/jhemyson/advanced-node-ts#readme",
    "devDependencies": {
      "typescript": "^4.4.2"
    },
    "dependencies": {
      "module-alias": "^2.2.2"
    }
  }

yarn manifest: 
  No manifest

Lockfile: 
  # THIS IS AN AUTOGENERATED FILE. DO NOT EDIT THIS FILE DIRECTLY.
  # yarn lockfile v1
  
  
  module-alias@^2.2.2:
    version "2.2.2"
    resolved "https://registry.yarnpkg.com/module-alias/-/module-alias-2.2.2.tgz#151cdcecc24e25739ff0aa6e51e1c5716974c0e0"
    integrity sha512-A/78XjoX2EmNvppVWEhM2oGk3x4lLxnkEA4jTbaK97QKSDjkIoOsKQlfylt/d3kKKi596Qy3NP5XrXJ6fZIC9Q==
  
  typescript@^4.4.2:
    version "4.4.2"
    resolved "https://registry.yarnpkg.com/typescript/-/typescript-4.4.2.tgz#6d618640d430e3569a1dfb44f7d7e600ced3ee86"
    integrity sha512-gzP+t5W4hdy4c+68bfcv0t400HVJMMd2+H9B7gae1nQlBzCqvrXX+6GL/b3GAgyTH966pzrZ70/fRjwAtZksSQ==
